
11월 02, 2021 22:59:52.725 NEW SESSION
11월 02, 2021 22:59:52.726 [33080:9696:1102/225952.724:ERROR:chrome_browser_main_extra_parts_metrics.cc(230)] crbug.com/1216328: Checking Bluetooth availability started. Please report if there is no report that this ends.
11월 02, 2021 22:59:52.727 [33080:9696:1102/225952.724:ERROR:chrome_browser_main_extra_parts_metrics.cc(233)] crbug.com/1216328: Checking Bluetooth availability ended.
11월 02, 2021 22:59:52.728 [33080:9696:1102/225952.724:ERROR:chrome_browser_main_extra_parts_metrics.cc(236)] crbug.com/1216328: Checking default browser status started. Please report if there is no report that this ends.
11월 02, 2021 22:59:52.729 [33080:31112:1102/225952.726:ERROR:device_event_log_impl.cc(214)] [22:59:52.726] USB: usb_device_handle_win.cc:1048 Failed to read descriptor from node connection: 시스템에 부착된 장치가 작동하지 않습니다. (0x1F)
11월 02, 2021 22:59:52.730 [33080:9696:1102/225952.727:ERROR:chrome_browser_main_extra_parts_metrics.cc(240)] crbug.com/1216328: Checking default browser status ended.
11월 02, 2021 22:59:52.736 [33080:31112:1102/225952.736:ERROR:device_event_log_impl.cc(214)] [22:59:52.736] Bluetooth: bluetooth_adapter_winrt.cc:1073 Getting Default Adapter failed.
11월 02, 2021 22:59:52.743 [33080:31112:1102/225952.743:ERROR:device_event_log_impl.cc(214)] [22:59:52.742] USB: usb_device_handle_win.cc:1048 Failed to read descriptor from node connection: 시스템에 부착된 장치가 작동하지 않습니다. (0x1F)

11월 03, 2021 03:01:16.32 NEW SESSION
11월 03, 2021 03:01:16.32 [32308:20224:1103/030116.031:ERROR:chrome_browser_main_extra_parts_metrics.cc(230)] crbug.com/1216328: Checking Bluetooth availability started. Please report if there is no report that this ends.
11월 03, 2021 03:01:16.33 [32308:20224:1103/030116.031:ERROR:chrome_browser_main_extra_parts_metrics.cc(233)] crbug.com/1216328: Checking Bluetooth availability ended.
11월 03, 2021 03:01:16.34 [32308:20224:1103/030116.031:ERROR:chrome_browser_main_extra_parts_metrics.cc(236)] crbug.com/1216328: Checking default browser status started. Please report if there is no report that this ends.
11월 03, 2021 03:01:16.35 [32308:10584:1103/030116.034:ERROR:device_event_log_impl.cc(214)] [03:01:16.034] USB: usb_device_handle_win.cc:1048 Failed to read descriptor from node connection: 시스템에 부착된 장치가 작동하지 않습니다. (0x1F)
11월 03, 2021 03:01:16.35 [32308:20224:1103/030116.035:ERROR:chrome_browser_main_extra_parts_metrics.cc(240)] crbug.com/1216328: Checking default browser status ended.
11월 03, 2021 03:01:16.46 [32308:10584:1103/030116.046:ERROR:device_event_log_impl.cc(214)] [03:01:16.045] Bluetooth: bluetooth_adapter_winrt.cc:1073 Getting Default Adapter failed.
11월 03, 2021 03:01:16.46 [32308:10584:1103/030116.046:ERROR:device_event_log_impl.cc(214)] [03:01:16.046] USB: usb_device_handle_win.cc:1048 Failed to read descriptor from node connection: 시스템에 부착된 장치가 작동하지 않습니다. (0x1F)

11월 03, 2021 03:36:12.58 NEW SESSION
11월 03, 2021 03:36:12.58 [5352:40528:1103/033612.057:ERROR:chrome_browser_main_extra_parts_metrics.cc(230)] crbug.com/1216328: Checking Bluetooth availability started. Please report if there is no report that this ends.
11월 03, 2021 03:36:12.62 [5352:40528:1103/033612.057:ERROR:chrome_browser_main_extra_parts_metrics.cc(233)] crbug.com/1216328: Checking Bluetooth availability ended.
11월 03, 2021 03:36:12.63 [5352:40528:1103/033612.057:ERROR:chrome_browser_main_extra_parts_metrics.cc(236)] crbug.com/1216328: Checking default browser status started. Please report if there is no report that this ends.
11월 03, 2021 03:36:12.64 [5352:16732:1103/033612.059:ERROR:device_event_log_impl.cc(214)] [03:36:12.059] USB: usb_device_handle_win.cc:1048 Failed to read descriptor from node connection: 시스템에 부착된 장치가 작동하지 않습니다. (0x1F)
11월 03, 2021 03:36:12.64 [5352:40528:1103/033612.060:ERROR:chrome_browser_main_extra_parts_metrics.cc(240)] crbug.com/1216328: Checking default browser status ended.
11월 03, 2021 03:36:12.70 [5352:16732:1103/033612.069:ERROR:device_event_log_impl.cc(214)] [03:36:12.069] Bluetooth: bluetooth_adapter_winrt.cc:1073 Getting Default Adapter failed.
11월 03, 2021 03:36:12.76 [5352:16732:1103/033612.075:ERROR:device_event_log_impl.cc(214)] [03:36:12.076] USB: usb_device_handle_win.cc:1048 Failed to read descriptor from node connection: 시스템에 부착된 장치가 작동하지 않습니다. (0x1F)
